<?xml version="1.0" encoding="UTF-8"?>
<!-- Generated by org.testng.reporters.JUnitXMLReporter -->
<testsuite hostname="WLW7-RAVIG" ignored="0" name="Default test" tests="6" failures="0" timestamp="09 Jul 2018 11:37:54 GMT" time="76.756" errors="0">
  <testcase name="testDataServicesConsumption" time="16.743" classname="com.org.LearningMaven.InnovoTest"/>
  <testcase name="testDistributionbyDeviceType" time="5.59" classname="com.org.LearningMaven.InnovoTest"/>
  <testcase name="testTopOptions" time="20.951" classname="com.org.LearningMaven.InnovoTest"/>
  <testcase name="testTopProviders" time="0.157" classname="com.org.LearningMaven.InnovoTest"/>
  <testcase name="testTopTariffPlans" time="0.107" classname="com.org.LearningMaven.InnovoTest"/>
  <testcase name="testVolumeDistribution" time="0.086" classname="com.org.LearningMaven.InnovoTest"/>
</testsuite> <!-- Default test -->
